<?xml version="1.0" encoding="UTF-8"?>
<coverage generated="1508617851">
  <project timestamp="1508617851">
    <file name="/Users/dmp/Code/eloquent-json-schema/src/Folklore/EloquentJsonSchema/Contracts/HasJsonSchema.php">
      <metrics loc="26" ncloc="26" classes="0" methods="0" coveredmethods="0" conditionals="0" coveredconditionals="0" statements="0" coveredstatements="0" elements="0" coveredelements="0"/>
    </file>
    <file name="/Users/dmp/Code/eloquent-json-schema/src/Folklore/EloquentJsonSchema/Contracts/JsonSchema.php">
      <metrics loc="26" ncloc="26" classes="0" methods="0" coveredmethods="0" conditionals="0" coveredconditionals="0" statements="0" coveredstatements="0" elements="0" coveredelements="0"/>
    </file>
    <file name="/Users/dmp/Code/eloquent-json-schema/src/Folklore/EloquentJsonSchema/Contracts/JsonSchemaObserver.php">
      <metrics loc="10" ncloc="10" classes="0" methods="0" coveredmethods="0" conditionals="0" coveredconditionals="0" statements="0" coveredstatements="0" elements="0" coveredelements="0"/>
    </file>
    <file name="/Users/dmp/Code/eloquent-json-schema/src/Folklore/EloquentJsonSchema/Contracts/JsonSchemaValidator.php">
      <metrics loc="10" ncloc="10" classes="0" methods="0" coveredmethods="0" conditionals="0" coveredconditionals="0" statements="0" coveredstatements="0" elements="0" coveredelements="0"/>
    </file>
    <file name="/Users/dmp/Code/eloquent-json-schema/src/Folklore/EloquentJsonSchema/Contracts/ReducerGetter.php">
      <metrics loc="10" ncloc="10" classes="0" methods="0" coveredmethods="0" conditionals="0" coveredconditionals="0" statements="0" coveredstatements="0" elements="0" coveredelements="0"/>
    </file>
    <file name="/Users/dmp/Code/eloquent-json-schema/src/Folklore/EloquentJsonSchema/Contracts/ReducerSaver.php">
      <metrics loc="10" ncloc="10" classes="0" methods="0" coveredmethods="0" conditionals="0" coveredconditionals="0" statements="0" coveredstatements="0" elements="0" coveredelements="0"/>
    </file>
    <file name="/Users/dmp/Code/eloquent-json-schema/src/Folklore/EloquentJsonSchema/Contracts/ReducerSetter.php">
      <metrics loc="10" ncloc="10" classes="0" methods="0" coveredmethods="0" conditionals="0" coveredconditionals="0" statements="0" coveredstatements="0" elements="0" coveredelements="0"/>
    </file>
    <package name="Folklore\EloquentJsonSchema">
      <file name="/Users/dmp/Code/eloquent-json-schema/src/Folklore/EloquentJsonSchema/JsonSchemaObserver.php">
        <class name="JsonSchemaObserver" namespace="Folklore\EloquentJsonSchema">
          <metrics complexity="2" methods="2" coveredmethods="2" conditionals="0" coveredconditionals="0" statements="4" coveredstatements="4" elements="6" coveredelements="6"/>
        </class>
        <line num="10" type="method" name="saving" visibility="public" complexity="1" crap="1" count="1"/>
        <line num="12" type="stmt" count="1"/>
        <line num="13" type="stmt" count="1"/>
        <line num="15" type="method" name="saved" visibility="public" complexity="1" crap="1" count="1"/>
        <line num="17" type="stmt" count="1"/>
        <line num="18" type="stmt" count="1"/>
        <metrics loc="19" ncloc="19" classes="1" methods="2" coveredmethods="2" conditionals="0" coveredconditionals="0" statements="4" coveredstatements="4" elements="6" coveredelements="6"/>
      </file>
      <file name="/Users/dmp/Code/eloquent-json-schema/src/Folklore/EloquentJsonSchema/JsonSchemaServiceProvider.php">
        <class name="JsonSchemaServiceProvider" namespace="Folklore\EloquentJsonSchema">
          <metrics complexity="5" methods="5" coveredmethods="3" conditionals="0" coveredconditionals="0" statements="28" coveredstatements="26" elements="33" coveredelements="29"/>
        </class>
        <line num="15" type="method" name="getRouter" visibility="protected" complexity="1" crap="2" count="0"/>
        <line num="17" type="stmt" count="0"/>
        <line num="25" type="method" name="boot" visibility="public" complexity="1" crap="1" count="1"/>
        <line num="27" type="stmt" count="1"/>
        <line num="28" type="stmt" count="1"/>
        <line num="30" type="method" name="bootPublishes" visibility="public" complexity="1" crap="1" count="1"/>
        <line num="33" type="stmt" count="1"/>
        <line num="34" type="stmt" count="1"/>
        <line num="35" type="stmt" count="1"/>
        <line num="38" type="stmt" count="1"/>
        <line num="41" type="stmt" count="1"/>
        <line num="42" type="stmt" count="1"/>
        <line num="43" type="stmt" count="1"/>
        <line num="45" type="stmt" count="1"/>
        <line num="46" type="stmt" count="1"/>
        <line num="47" type="stmt" count="1"/>
        <line num="49" type="stmt" count="1"/>
        <line num="50" type="stmt" count="1"/>
        <line num="51" type="stmt" count="1"/>
        <line num="52" type="stmt" count="1"/>
        <line num="59" type="method" name="register" visibility="public" complexity="1" crap="1" count="1"/>
        <line num="62" type="stmt" count="1"/>
        <line num="63" type="stmt" count="1"/>
        <line num="64" type="stmt" count="1"/>
        <line num="68" type="stmt" count="1"/>
        <line num="69" type="stmt" count="1"/>
        <line num="70" type="stmt" count="1"/>
        <line num="74" type="stmt" count="1"/>
        <line num="75" type="stmt" count="1"/>
        <line num="76" type="stmt" count="1"/>
        <line num="78" type="stmt" count="1"/>
        <line num="85" type="method" name="provides" visibility="public" complexity="1" crap="2" count="0"/>
        <line num="87" type="stmt" count="0"/>
        <metrics loc="89" ncloc="57" classes="1" methods="5" coveredmethods="3" conditionals="0" coveredconditionals="0" statements="28" coveredstatements="26" elements="33" coveredelements="29"/>
      </file>
      <file name="/Users/dmp/Code/eloquent-json-schema/src/Folklore/EloquentJsonSchema/JsonSchemaValidator.php">
        <class name="JsonSchemaValidator" namespace="Folklore\EloquentJsonSchema">
          <metrics complexity="11" methods="5" coveredmethods="2" conditionals="0" coveredconditionals="0" statements="22" coveredstatements="6" elements="27" coveredelements="8"/>
        </class>
        <line num="13" type="method" name="__construct" visibility="public" complexity="1" crap="1" count="1"/>
        <line num="15" type="stmt" count="1"/>
        <line num="16" type="stmt" count="1"/>
        <line num="18" type="method" name="validateSchema" visibility="public" complexity="3" crap="3" count="1"/>
        <line num="20" type="stmt" count="1"/>
        <line num="21" type="stmt" count="1"/>
        <line num="22" type="stmt" count="1"/>
        <line num="23" type="stmt" count="1"/>
        <line num="26" type="method" name="validate" visibility="public" complexity="2" crap="6" count="0"/>
        <line num="28" type="stmt" count="0"/>
        <line num="29" type="stmt" count="0"/>
        <line num="31" type="stmt" count="0"/>
        <line num="32" type="stmt" count="0"/>
        <line num="33" type="stmt" count="0"/>
        <line num="34" type="stmt" count="0"/>
        <line num="37" type="method" name="getMessages" visibility="public" complexity="3" crap="12" count="0"/>
        <line num="39" type="stmt" count="0"/>
        <line num="40" type="stmt" count="0"/>
        <line num="41" type="stmt" count="0"/>
        <line num="42" type="stmt" count="0"/>
        <line num="43" type="stmt" count="0"/>
        <line num="45" type="stmt" count="0"/>
        <line num="47" type="stmt" count="0"/>
        <line num="50" type="method" name="__call" visibility="public" complexity="2" crap="6" count="0"/>
        <line num="52" type="stmt" count="0"/>
        <line num="53" type="stmt" count="0"/>
        <line num="55" type="stmt" count="0"/>
        <metrics loc="56" ncloc="56" classes="1" methods="5" coveredmethods="2" conditionals="0" coveredconditionals="0" statements="22" coveredstatements="6" elements="27" coveredelements="8"/>
      </file>
      <file name="/Users/dmp/Code/eloquent-json-schema/src/Folklore/EloquentJsonSchema/Node.php">
        <class name="Node" namespace="Folklore\EloquentJsonSchema">
          <metrics complexity="20" methods="17" coveredmethods="5" conditionals="0" coveredconditionals="0" statements="31" coveredstatements="16" elements="48" coveredelements="21"/>
        </class>
        <line num="14" type="method" name="__construct" visibility="public" complexity="2" crap="2.15" count="1"/>
        <line num="16" type="stmt" count="1"/>
        <line num="17" type="stmt" count="0"/>
        <line num="19" type="stmt" count="1"/>
        <line num="28" type="method" name="get" visibility="public" complexity="2" crap="2.15" count="1"/>
        <line num="30" type="stmt" count="1"/>
        <line num="31" type="stmt" count="1"/>
        <line num="34" type="stmt" count="0"/>
        <line num="37" type="method" name="isInPath" visibility="public" complexity="1" crap="2" count="0"/>
        <line num="39" type="stmt" count="0"/>
        <line num="42" type="method" name="prependPath" visibility="public" complexity="1" crap="1" count="1"/>
        <line num="44" type="stmt" count="1"/>
        <line num="45" type="stmt" count="1"/>
        <line num="48" type="method" name="removePath" visibility="public" complexity="1" crap="2" count="0"/>
        <line num="50" type="stmt" count="0"/>
        <line num="51" type="stmt" count="0"/>
        <line num="54" type="method" name="toArray" visibility="public" complexity="1" crap="2" count="0"/>
        <line num="56" type="stmt" count="0"/>
        <line num="64" type="method" name="jsonSerialize" visibility="public" complexity="1" crap="2" count="0"/>
        <line num="66" type="stmt" count="0"/>
        <line num="75" type="method" name="toJson" visibility="public" complexity="1" crap="2" count="0"/>
        <line num="77" type="stmt" count="0"/>
        <line num="86" type="method" name="offsetExists" visibility="public" complexity="1" crap="2" count="0"/>
        <line num="88" type="stmt" count="0"/>
        <line num="97" type="method" name="offsetGet" visibility="public" complexity="1" crap="2" count="0"/>
        <line num="99" type="stmt" count="0"/>
        <line num="109" type="method" name="offsetSet" visibility="public" complexity="1" crap="1" count="1"/>
        <line num="111" type="stmt" count="1"/>
        <line num="112" type="stmt" count="1"/>
        <line num="120" type="method" name="offsetUnset" visibility="public" complexity="1" crap="2" count="0"/>
        <line num="122" type="stmt" count="0"/>
        <line num="123" type="stmt" count="0"/>
        <line num="131" type="method" name="__get" visibility="public" complexity="1" crap="1" count="1"/>
        <line num="133" type="stmt" count="1"/>
        <line num="143" type="method" name="__set" visibility="public" complexity="1" crap="1" count="1"/>
        <line num="145" type="stmt" count="1"/>
        <line num="146" type="stmt" count="1"/>
        <line num="154" type="method" name="__isset" visibility="public" complexity="1" crap="2" count="0"/>
        <line num="156" type="stmt" count="0"/>
        <line num="165" type="method" name="__unset" visibility="public" complexity="1" crap="2" count="0"/>
        <line num="167" type="stmt" count="0"/>
        <line num="168" type="stmt" count="0"/>
        <line num="176" type="method" name="__clone" visibility="public" complexity="2" crap="2" count="1"/>
        <line num="178" type="stmt" count="1"/>
        <line num="179" type="stmt" count="1"/>
        <line num="180" type="stmt" count="1"/>
        <line num="181" type="stmt" count="1"/>
        <line num="183" type="stmt" count="1"/>
        <metrics loc="184" ncloc="110" classes="1" methods="17" coveredmethods="5" conditionals="0" coveredconditionals="0" statements="31" coveredstatements="16" elements="48" coveredelements="21"/>
      </file>
      <file name="/Users/dmp/Code/eloquent-json-schema/src/Folklore/EloquentJsonSchema/NodesCollection.php">
        <class name="NodesCollection" namespace="Folklore\EloquentJsonSchema">
          <metrics complexity="6" methods="2" coveredmethods="1" conditionals="0" coveredconditionals="0" statements="7" coveredstatements="2" elements="9" coveredelements="3"/>
        </class>
        <line num="11" type="method" name="anonymousFunction:11#45" complexity="1" crap="1" count="1"/>
        <line num="12" type="stmt" count="1"/>
        <line num="13" type="stmt" count="1"/>
        <line num="18" type="method" name="anonymousFunction:18#90" complexity="2" crap="6" count="0"/>
        <line num="19" type="stmt" count="0"/>
        <line num="20" type="stmt" count="0"/>
        <line num="21" type="stmt" count="0"/>
        <line num="23" type="stmt" count="0"/>
        <line num="24" type="stmt" count="0"/>
        <metrics loc="26" ncloc="26" classes="1" methods="2" coveredmethods="1" conditionals="0" coveredconditionals="0" statements="7" coveredstatements="2" elements="9" coveredelements="3"/>
      </file>
      <file name="/Users/dmp/Code/eloquent-json-schema/src/Folklore/EloquentJsonSchema/ValidationException.php">
        <class name="ValidationException" namespace="Folklore\EloquentJsonSchema">
          <metrics complexity="6" methods="3" coveredmethods="0" conditionals="0" coveredconditionals="0" statements="12" coveredstatements="0" elements="15" coveredelements="0"/>
        </class>
        <line num="11" type="method" name="__construct" visibility="public" complexity="1" crap="2" count="0"/>
        <line num="13" type="stmt" count="0"/>
        <line num="14" type="stmt" count="0"/>
        <line num="15" type="stmt" count="0"/>
        <line num="16" type="stmt" count="0"/>
        <line num="18" type="method" name="getSchemaErrors" visibility="public" complexity="1" crap="2" count="0"/>
        <line num="20" type="stmt" count="0"/>
        <line num="23" type="method" name="getDetailedMessage" visibility="protected" complexity="4" crap="20" count="0"/>
        <line num="25" type="stmt" count="0"/>
        <line num="26" type="stmt" count="0"/>
        <line num="27" type="stmt" count="0"/>
        <line num="28" type="stmt" count="0"/>
        <line num="29" type="stmt" count="0"/>
        <line num="30" type="stmt" count="0"/>
        <line num="33" type="stmt" count="0"/>
        <metrics loc="35" ncloc="35" classes="1" methods="3" coveredmethods="0" conditionals="0" coveredconditionals="0" statements="12" coveredstatements="0" elements="15" coveredelements="0"/>
      </file>
    </package>
    <package name="Folklore\EloquentJsonSchema\Support">
      <file name="/Users/dmp/Code/eloquent-json-schema/src/Folklore/EloquentJsonSchema/Support/HasJsonSchema.php">
        <class name="HasJsonSchema" namespace="Folklore\EloquentJsonSchema\Support">
          <metrics complexity="44" methods="20" coveredmethods="14" conditionals="0" coveredconditionals="0" statements="71" coveredstatements="60" elements="91" coveredelements="74"/>
        </class>
        <line num="18" type="method" name="bootHasJsonSchema" visibility="public" complexity="1" crap="1" count="1"/>
        <line num="20" type="stmt" count="1"/>
        <line num="21" type="stmt" count="1"/>
        <line num="23" type="method" name="getGlobalJsonSchemaReducers" visibility="public" complexity="1" crap="1" count="1"/>
        <line num="25" type="stmt" count="1"/>
        <line num="28" type="method" name="validateJsonSchemaAttributes" visibility="public" complexity="3" crap="3" count="1"/>
        <line num="30" type="stmt" count="1"/>
        <line num="31" type="stmt" count="1"/>
        <line num="32" type="stmt" count="1"/>
        <line num="33" type="stmt" count="1"/>
        <line num="34" type="stmt" count="1"/>
        <line num="35" type="stmt" count="1"/>
        <line num="36" type="stmt" count="1"/>
        <line num="39" type="stmt" count="1"/>
        <line num="41" type="method" name="saveJsonSchemaAttributes" visibility="public" complexity="2" crap="2" count="1"/>
        <line num="43" type="stmt" count="1"/>
        <line num="44" type="stmt" count="1"/>
        <line num="45" type="stmt" count="1"/>
        <line num="46" type="stmt" count="1"/>
        <line num="47" type="stmt" count="1"/>
        <line num="49" type="stmt" count="1"/>
        <line num="59" type="method" name="callJsonSchemaReducers" visibility="protected" complexity="6" crap="6.17" count="1"/>
        <line num="62" type="stmt" count="1"/>
        <line num="66" type="stmt" count="1"/>
        <line num="67" type="stmt" count="0"/>
        <line num="69" type="stmt" count="1"/>
        <line num="71" type="stmt" count="1"/>
        <line num="72" type="stmt" count="1"/>
        <line num="73" type="method" name="anonymousFunction:73#454" complexity="1" crap="1.12" count="1"/>
        <line num="74" type="stmt" count="0"/>
        <line num="75" type="stmt" count="1"/>
        <line num="76" type="stmt" count="1"/>
        <line num="79" type="stmt" count="1"/>
        <line num="80" type="method" name="anonymousFunction:80#502" complexity="5" crap="5.05" count="1"/>
        <line num="81" type="stmt" count="1"/>
        <line num="82" type="stmt" count="1"/>
        <line num="83" type="stmt" count="1"/>
        <line num="84" type="stmt" count="1"/>
        <line num="85" type="stmt" count="0"/>
        <line num="86" type="stmt" count="1"/>
        <line num="89" type="stmt" count="1"/>
        <line num="90" type="stmt" count="1"/>
        <line num="100" type="method" name="castAttributeAsJsonSchema" visibility="protected" complexity="1" crap="1" count="1"/>
        <line num="102" type="stmt" count="1"/>
        <line num="112" type="method" name="fromJsonSchema" visibility="public" complexity="1" crap="1" count="1"/>
        <line num="114" type="stmt" count="1"/>
        <line num="115" type="stmt" count="1"/>
        <line num="125" type="method" name="castAttribute" visibility="protected" complexity="3" crap="3" count="1"/>
        <line num="127" type="stmt" count="1"/>
        <line num="128" type="stmt" count="1"/>
        <line num="129" type="stmt" count="1"/>
        <line num="130" type="stmt" count="1"/>
        <line num="131" type="stmt" count="1"/>
        <line num="132" type="stmt" count="1"/>
        <line num="134" type="stmt" count="1"/>
        <line num="144" type="method" name="isJsonCastable" visibility="protected" complexity="2" crap="2" count="1"/>
        <line num="146" type="stmt" count="1"/>
        <line num="156" type="method" name="castAttributeAsJson" visibility="protected" complexity="2" crap="2" count="1"/>
        <line num="158" type="stmt" count="1"/>
        <line num="159" type="stmt" count="1"/>
        <line num="160" type="stmt" count="1"/>
        <line num="163" type="stmt" count="1"/>
        <line num="172" type="method" name="getAttributeJsonSchema" visibility="public" complexity="4" crap="4.25" count="1"/>
        <line num="174" type="stmt" count="1"/>
        <line num="175" type="stmt" count="1"/>
        <line num="176" type="stmt" count="0"/>
        <line num="179" type="stmt" count="1"/>
        <line num="182" type="stmt" count="1"/>
        <line num="183" type="stmt" count="1"/>
        <line num="184" type="stmt" count="0"/>
        <line num="187" type="stmt" count="1"/>
        <line num="196" type="method" name="getAttributeJsonSchemaReducers" visibility="public" complexity="2" crap="2" count="1"/>
        <line num="198" type="stmt" count="1"/>
        <line num="199" type="stmt" count="1"/>
        <line num="209" type="method" name="anonymousFunction:209#1132" complexity="2" crap="2" count="1"/>
        <line num="210" type="stmt" count="1"/>
        <line num="211" type="stmt" count="1"/>
        <line num="213" type="stmt" count="1"/>
        <line num="214" type="stmt" count="1"/>
        <line num="223" type="method" name="hasJsonSchema" visibility="public" complexity="1" crap="1" count="1"/>
        <line num="225" type="stmt" count="1"/>
        <line num="233" type="method" name="getJsonSchemas" visibility="public" complexity="1" crap="1" count="1"/>
        <line num="235" type="stmt" count="1"/>
        <line num="244" type="method" name="setJsonSchemas" visibility="public" complexity="1" crap="2" count="0"/>
        <line num="246" type="stmt" count="0"/>
        <line num="247" type="stmt" count="0"/>
        <line num="255" type="method" name="getJsonSchemaReducers" visibility="public" complexity="1" crap="1" count="1"/>
        <line num="257" type="stmt" count="1"/>
        <line num="267" type="method" name="setJsonSchemaReducers" visibility="public" complexity="2" crap="6" count="0"/>
        <line num="269" type="stmt" count="0"/>
        <line num="270" type="stmt" count="0"/>
        <line num="272" type="stmt" count="0"/>
        <line num="274" type="stmt" count="0"/>
        <metrics loc="276" ncloc="186" classes="1" methods="20" coveredmethods="14" conditionals="0" coveredconditionals="0" statements="73" coveredstatements="62" elements="93" coveredelements="76"/>
      </file>
      <file name="/Users/dmp/Code/eloquent-json-schema/src/Folklore/EloquentJsonSchema/Support/JsonSchema.php">
        <class name="JsonSchema" namespace="Folklore\EloquentJsonSchema\Support">
          <metrics complexity="103" methods="41" coveredmethods="15" conditionals="0" coveredconditionals="0" statements="178" coveredstatements="126" elements="219" coveredelements="141"/>
        </class>
        <line num="27" type="method" name="__construct" visibility="public" complexity="1" crap="1" count="1"/>
        <line num="29" type="stmt" count="1"/>
        <line num="30" type="stmt" count="1"/>
        <line num="32" type="method" name="setSchema" visibility="public" complexity="3" crap="3" count="1"/>
        <line num="34" type="stmt" count="1"/>
        <line num="35" type="stmt" count="1"/>
        <line num="36" type="stmt" count="1"/>
        <line num="39" type="stmt" count="1"/>
        <line num="40" type="stmt" count="1"/>
        <line num="42" type="method" name="getName" visibility="public" complexity="4" crap="4" count="1"/>
        <line num="44" type="stmt" count="1"/>
        <line num="45" type="stmt" count="1"/>
        <line num="46" type="stmt" count="1"/>
        <line num="47" type="stmt" count="1"/>
        <line num="50" type="method" name="getAppends" visibility="public" complexity="8" crap="9.95" count="1"/>
        <line num="52" type="stmt" count="1"/>
        <line num="53" type="stmt" count="1"/>
        <line num="54" type="stmt" count="1"/>
        <line num="55" type="stmt" count="1"/>
        <line num="57" type="stmt" count="1"/>
        <line num="58" type="stmt" count="1"/>
        <line num="59" type="stmt" count="0"/>
        <line num="60" type="stmt" count="0"/>
        <line num="63" type="stmt" count="1"/>
        <line num="64" type="stmt" count="1"/>
        <line num="65" type="stmt" count="1"/>
        <line num="66" type="stmt" count="0"/>
        <line num="67" type="stmt" count="0"/>
        <line num="68" type="stmt" count="0"/>
        <line num="70" type="stmt" count="1"/>
        <line num="75" type="stmt" count="1"/>
        <line num="78" type="method" name="getProperties" visibility="public" complexity="6" crap="6.01" count="1"/>
        <line num="80" type="stmt" count="1"/>
        <line num="81" type="stmt" count="1"/>
        <line num="84" type="stmt" count="1"/>
        <line num="86" type="stmt" count="1"/>
        <line num="87" type="stmt" count="0"/>
        <line num="90" type="stmt" count="1"/>
        <line num="91" type="stmt" count="1"/>
        <line num="92" type="stmt" count="1"/>
        <line num="93" type="stmt" count="1"/>
        <line num="94" type="stmt" count="1"/>
        <line num="95" type="stmt" count="1"/>
        <line num="96" type="stmt" count="1"/>
        <line num="97" type="stmt" count="1"/>
        <line num="99" type="stmt" count="1"/>
        <line num="103" type="stmt" count="1"/>
        <line num="106" type="method" name="setProperties" visibility="public" complexity="1" crap="2" count="0"/>
        <line num="108" type="stmt" count="0"/>
        <line num="111" type="method" name="addProperty" visibility="public" complexity="2" crap="6" count="0"/>
        <line num="113" type="stmt" count="0"/>
        <line num="114" type="stmt" count="0"/>
        <line num="116" type="stmt" count="0"/>
        <line num="117" type="stmt" count="0"/>
        <line num="120" type="method" name="getItems" visibility="public" complexity="9" crap="21.65" count="1"/>
        <line num="122" type="stmt" count="1"/>
        <line num="123" type="stmt" count="1"/>
        <line num="126" type="stmt" count="1"/>
        <line num="127" type="stmt" count="1"/>
        <line num="129" type="stmt" count="0"/>
        <line num="132" type="stmt" count="1"/>
        <line num="133" type="stmt" count="1"/>
        <line num="134" type="stmt" count="0"/>
        <line num="135" type="stmt" count="0"/>
        <line num="138" type="stmt" count="0"/>
        <line num="139" type="stmt" count="0"/>
        <line num="140" type="stmt" count="0"/>
        <line num="143" type="stmt" count="0"/>
        <line num="146" type="method" name="setItems" visibility="public" complexity="1" crap="2" count="0"/>
        <line num="148" type="stmt" count="0"/>
        <line num="151" type="method" name="getType" visibility="public" complexity="1" crap="1" count="1"/>
        <line num="153" type="stmt" count="1"/>
        <line num="156" type="method" name="setType" visibility="public" complexity="1" crap="2" count="0"/>
        <line num="158" type="stmt" count="0"/>
        <line num="161" type="method" name="getDefault" visibility="public" complexity="1" crap="1" count="1"/>
        <line num="163" type="stmt" count="1"/>
        <line num="166" type="method" name="setDefault" visibility="public" complexity="1" crap="2" count="0"/>
        <line num="168" type="stmt" count="0"/>
        <line num="171" type="method" name="getRequired" visibility="public" complexity="1" crap="1" count="1"/>
        <line num="173" type="stmt" count="1"/>
        <line num="176" type="method" name="setRequired" visibility="public" complexity="1" crap="2" count="0"/>
        <line num="178" type="stmt" count="0"/>
        <line num="181" type="method" name="getEnum" visibility="public" complexity="1" crap="1" count="1"/>
        <line num="183" type="stmt" count="1"/>
        <line num="186" type="method" name="setEnum" visibility="public" complexity="1" crap="2" count="0"/>
        <line num="188" type="stmt" count="0"/>
        <line num="191" type="method" name="getAttributes" visibility="public" complexity="1" crap="1" count="1"/>
        <line num="193" type="stmt" count="1"/>
        <line num="196" type="method" name="setAttributes" visibility="public" complexity="1" crap="2" count="0"/>
        <line num="198" type="stmt" count="0"/>
        <line num="201" type="method" name="getReducers" visibility="public" complexity="1" crap="1" count="1"/>
        <line num="203" type="stmt" count="1"/>
        <line num="206" type="method" name="setReducers" visibility="public" complexity="1" crap="2" count="0"/>
        <line num="208" type="stmt" count="0"/>
        <line num="211" type="method" name="addReducer" visibility="public" complexity="2" crap="6" count="0"/>
        <line num="213" type="stmt" count="0"/>
        <line num="214" type="stmt" count="0"/>
        <line num="216" type="stmt" count="0"/>
        <line num="217" type="stmt" count="0"/>
        <line num="220" type="method" name="getSchemaAttribute" visibility="protected" complexity="4" crap="4" count="1"/>
        <line num="222" type="stmt" count="1"/>
        <line num="223" type="stmt" count="1"/>
        <line num="224" type="stmt" count="1"/>
        <line num="225" type="stmt" count="1"/>
        <line num="227" type="stmt" count="1"/>
        <line num="228" type="stmt" count="1"/>
        <line num="232" type="stmt" count="1"/>
        <line num="235" type="method" name="setSchemaAttribute" visibility="protected" complexity="1" crap="2" count="0"/>
        <line num="237" type="stmt" count="0"/>
        <line num="238" type="stmt" count="0"/>
        <line num="241" type="method" name="getNodes" visibility="public" complexity="9" crap="9.05" count="1"/>
        <line num="243" type="stmt" count="1"/>
        <line num="246" type="stmt" count="1"/>
        <line num="247" type="stmt" count="1"/>
        <line num="248" type="stmt" count="1"/>
        <line num="249" type="stmt" count="1"/>
        <line num="250" type="stmt" count="1"/>
        <line num="251" type="stmt" count="1"/>
        <line num="253" type="stmt" count="1"/>
        <line num="256" type="stmt" count="0"/>
        <line num="260" type="stmt" count="1"/>
        <line num="261" type="stmt" count="1"/>
        <line num="262" type="stmt" count="1"/>
        <line num="263" type="stmt" count="1"/>
        <line num="264" type="stmt" count="1"/>
        <line num="266" type="stmt" count="1"/>
        <line num="267" type="stmt" count="1"/>
        <line num="268" type="stmt" count="1"/>
        <line num="270" type="stmt" count="1"/>
        <line num="271" type="stmt" count="1"/>
        <line num="272" type="stmt" count="1"/>
        <line num="274" type="stmt" count="0"/>
        <line num="276" type="stmt" count="1"/>
        <line num="279" type="stmt" count="1"/>
        <line num="282" type="method" name="getNodesFromData" visibility="public" complexity="3" crap="3" count="1"/>
        <line num="284" type="stmt" count="1"/>
        <line num="285" type="stmt" count="1"/>
        <line num="286" type="stmt" count="1"/>
        <line num="287" type="method" name="anonymousFunction:287#1991" complexity="2" crap="2" count="1"/>
        <line num="288" type="stmt" count="1"/>
        <line num="289" type="stmt" count="1"/>
        <line num="290" type="stmt" count="1"/>
        <line num="291" type="stmt" count="1"/>
        <line num="292" type="stmt" count="1"/>
        <line num="294" type="stmt" count="1"/>
        <line num="295" type="stmt" count="1"/>
        <line num="298" type="method" name="getMatchingPaths" visibility="protected" complexity="7" crap="7" count="1"/>
        <line num="300" type="stmt" count="1"/>
        <line num="301" type="stmt" count="1"/>
        <line num="304" type="stmt" count="1"/>
        <line num="305" type="stmt" count="1"/>
        <line num="306" type="stmt" count="1"/>
        <line num="307" type="stmt" count="1"/>
        <line num="308" type="stmt" count="1"/>
        <line num="309" type="stmt" count="1"/>
        <line num="310" type="stmt" count="1"/>
        <line num="314" type="stmt" count="1"/>
        <line num="317" type="method" name="toArray" visibility="public" complexity="13" crap="13" count="1"/>
        <line num="319" type="stmt" count="1"/>
        <line num="320" type="stmt" count="1"/>
        <line num="321" type="stmt" count="1"/>
        <line num="325" type="stmt" count="1"/>
        <line num="327" type="stmt" count="1"/>
        <line num="328" type="stmt" count="1"/>
        <line num="331" type="stmt" count="1"/>
        <line num="332" type="stmt" count="1"/>
        <line num="333" type="stmt" count="1"/>
        <line num="334" type="stmt" count="1"/>
        <line num="335" type="stmt" count="1"/>
        <line num="337" type="stmt" count="1"/>
        <line num="338" type="stmt" count="1"/>
        <line num="342" type="stmt" count="1"/>
        <line num="343" type="stmt" count="1"/>
        <line num="344" type="stmt" count="1"/>
        <line num="345" type="stmt" count="1"/>
        <line num="346" type="stmt" count="1"/>
        <line num="350" type="stmt" count="1"/>
        <line num="351" type="stmt" count="1"/>
        <line num="352" type="stmt" count="1"/>
        <line num="355" type="stmt" count="1"/>
        <line num="357" type="stmt" count="1"/>
        <line num="360" type="method" name="toObject" visibility="public" complexity="1" crap="2" count="0"/>
        <line num="362" type="stmt" count="0"/>
        <line num="370" type="method" name="jsonSerialize" visibility="public" complexity="1" crap="2" count="0"/>
        <line num="372" type="stmt" count="0"/>
        <line num="381" type="method" name="toJson" visibility="public" complexity="1" crap="2" count="0"/>
        <line num="383" type="stmt" count="0"/>
        <line num="392" type="method" name="offsetExists" visibility="public" complexity="1" crap="2" count="0"/>
        <line num="394" type="stmt" count="0"/>
        <line num="403" type="method" name="offsetGet" visibility="public" complexity="1" crap="2" count="0"/>
        <line num="405" type="stmt" count="0"/>
        <line num="415" type="method" name="offsetSet" visibility="public" complexity="1" crap="2" count="0"/>
        <line num="417" type="stmt" count="0"/>
        <line num="418" type="stmt" count="0"/>
        <line num="426" type="method" name="offsetUnset" visibility="public" complexity="1" crap="2" count="0"/>
        <line num="428" type="stmt" count="0"/>
        <line num="429" type="stmt" count="0"/>
        <line num="437" type="method" name="__get" visibility="public" complexity="1" crap="2" count="0"/>
        <line num="439" type="stmt" count="0"/>
        <line num="440" type="stmt" count="0"/>
        <line num="450" type="method" name="__set" visibility="public" complexity="1" crap="2" count="0"/>
        <line num="452" type="stmt" count="0"/>
        <line num="453" type="stmt" count="0"/>
        <line num="461" type="method" name="__isset" visibility="public" complexity="1" crap="1" count="1"/>
        <line num="463" type="stmt" count="1"/>
        <line num="472" type="method" name="__unset" visibility="public" complexity="1" crap="2" count="0"/>
        <line num="474" type="stmt" count="0"/>
        <line num="475" type="stmt" count="0"/>
        <line num="483" type="method" name="__call" visibility="public" complexity="4" crap="5.02" count="1"/>
        <line num="485" type="stmt" count="1"/>
        <line num="486" type="stmt" count="1"/>
        <line num="487" type="stmt" count="1"/>
        <line num="488" type="stmt" count="1"/>
        <line num="489" type="stmt" count="1"/>
        <line num="490" type="stmt" count="1"/>
        <line num="492" type="stmt" count="0"/>
        <line num="493" type="stmt" count="0"/>
        <line num="494" type="stmt" count="0"/>
        <line num="497" type="stmt" count="0"/>
        <metrics loc="498" ncloc="427" classes="1" methods="41" coveredmethods="15" conditionals="0" coveredconditionals="0" statements="178" coveredstatements="126" elements="219" coveredelements="141"/>
      </file>
      <file name="/Users/dmp/Code/eloquent-json-schema/src/Folklore/EloquentJsonSchema/Support/Model.php">
        <class name="Model" namespace="Folklore\EloquentJsonSchema\Support">
          <metrics complexity="0" methods="0" coveredmethods="0" conditionals="0" coveredconditionals="0" statements="0" coveredstatements="0" elements="0" coveredelements="0"/>
        </class>
        <metrics loc="12" ncloc="12" classes="0" methods="0" coveredmethods="0" conditionals="0" coveredconditionals="0" statements="0" coveredstatements="0" elements="0" coveredelements="0"/>
      </file>
      <file name="/Users/dmp/Code/eloquent-json-schema/src/Folklore/EloquentJsonSchema/Support/Reducer.php">
        <class name="Reducer" namespace="Folklore\EloquentJsonSchema\Support">
          <metrics complexity="3" methods="3" coveredmethods="2" conditionals="0" coveredconditionals="0" statements="3" coveredstatements="2" elements="6" coveredelements="4"/>
        </class>
        <line num="13" type="method" name="get" visibility="public" complexity="1" crap="1" count="1"/>
        <line num="15" type="stmt" count="1"/>
        <line num="18" type="method" name="set" visibility="public" complexity="1" crap="2" count="0"/>
        <line num="20" type="stmt" count="0"/>
        <line num="23" type="method" name="save" visibility="public" complexity="1" crap="1" count="1"/>
        <line num="25" type="stmt" count="1"/>
        <metrics loc="27" ncloc="27" classes="1" methods="3" coveredmethods="2" conditionals="0" coveredconditionals="0" statements="3" coveredstatements="2" elements="6" coveredelements="4"/>
      </file>
      <file name="/Users/dmp/Code/eloquent-json-schema/src/Folklore/EloquentJsonSchema/Support/RelationReducer.php">
        <class name="RelationReducer" namespace="Folklore\EloquentJsonSchema\Support">
          <metrics complexity="83" methods="23" coveredmethods="2" conditionals="0" coveredconditionals="0" statements="170" coveredstatements="103" elements="193" coveredelements="105"/>
        </class>
        <line num="21" type="method" name="get" visibility="public" complexity="4" crap="4.01" count="1"/>
        <line num="23" type="stmt" count="1"/>
        <line num="24" type="stmt" count="1"/>
        <line num="27" type="stmt" count="1"/>
        <line num="28" type="stmt" count="1"/>
        <line num="29" type="stmt" count="0"/>
        <line num="32" type="stmt" count="1"/>
        <line num="33" type="stmt" count="1"/>
        <line num="36" type="stmt" count="1"/>
        <line num="37" type="stmt" count="1"/>
        <line num="38" type="stmt" count="1"/>
        <line num="41" type="stmt" count="1"/>
        <line num="42" type="stmt" count="1"/>
        <line num="46" type="method" name="set" visibility="public" complexity="5" crap="5.03" count="1"/>
        <line num="48" type="stmt" count="1"/>
        <line num="49" type="stmt" count="1"/>
        <line num="52" type="stmt" count="1"/>
        <line num="53" type="stmt" count="1"/>
        <line num="54" type="stmt" count="0"/>
        <line num="57" type="stmt" count="1"/>
        <line num="58" type="stmt" count="1"/>
        <line num="60" type="stmt" count="1"/>
        <line num="61" type="stmt" count="1"/>
        <line num="65" type="method" name="save" visibility="public" complexity="8" crap="8.15" count="1"/>
        <line num="67" type="stmt" count="1"/>
        <line num="68" type="stmt" count="0"/>
        <line num="71" type="stmt" count="1"/>
        <line num="72" type="stmt" count="1"/>
        <line num="73" type="stmt" count="1"/>
        <line num="74" type="stmt" count="0"/>
        <line num="76" type="stmt" count="1"/>
        <line num="77" type="stmt" count="1"/>
        <line num="79" type="stmt" count="1"/>
        <line num="80" type="stmt" count="1"/>
        <line num="81" type="stmt" count="1"/>
        <line num="82" type="stmt" count="1"/>
        <line num="83" type="stmt" count="1"/>
        <line num="84" type="stmt" count="1"/>
        <line num="87" type="stmt" count="1"/>
        <line num="90" type="method" name="shouldUpdateRelation" visibility="protected" complexity="1" crap="1" count="1"/>
        <line num="92" type="stmt" count="1"/>
        <line num="95" type="method" name="shouldQueryRelation" visibility="protected" complexity="3" crap="3" count="1"/>
        <line num="97" type="stmt" count="1"/>
        <line num="98" type="stmt" count="1"/>
        <line num="99" type="stmt" count="1"/>
        <line num="102" type="method" name="shouldUseReducer" visibility="protected" complexity="5" crap="5.39" count="1"/>
        <line num="104" type="stmt" count="1"/>
        <line num="105" type="stmt" count="0"/>
        <line num="109" type="stmt" count="1"/>
        <line num="110" type="stmt" count="1"/>
        <line num="111" type="stmt" count="1"/>
        <line num="115" type="stmt" count="1"/>
        <line num="116" type="stmt" count="0"/>
        <line num="119" type="stmt" count="1"/>
        <line num="122" type="method" name="mutateRelationIdToObject" visibility="protected" complexity="6" crap="6.56" count="1"/>
        <line num="124" type="stmt" count="1"/>
        <line num="125" type="stmt" count="1"/>
        <line num="126" type="stmt" count="0"/>
        <line num="129" type="stmt" count="1"/>
        <line num="130" type="stmt" count="0"/>
        <line num="133" type="stmt" count="1"/>
        <line num="134" type="stmt" count="0"/>
        <line num="137" type="stmt" count="1"/>
        <line num="138" type="stmt" count="1"/>
        <line num="139" type="stmt" count="1"/>
        <line num="141" type="stmt" count="1"/>
        <line num="144" type="stmt" count="1"/>
        <line num="145" type="method" name="anonymousFunction:145#1148" complexity="2" crap="2.06" count="1"/>
        <line num="146" type="stmt" count="1"/>
        <line num="147" type="stmt" count="0"/>
        <line num="149" type="stmt" count="1"/>
        <line num="150" type="stmt" count="1"/>
        <line num="153" type="method" name="getRelationIdFromModel" visibility="protected" complexity="3" crap="3.14" count="1"/>
        <line num="155" type="stmt" count="1"/>
        <line num="156" type="stmt" count="1"/>
        <line num="157" type="stmt" count="0"/>
        <line num="160" type="stmt" count="1"/>
        <line num="163" type="method" name="mutateRelationObjectToId" visibility="protected" complexity="7" crap="13.12" count="1"/>
        <line num="165" type="stmt" count="1"/>
        <line num="166" type="stmt" count="0"/>
        <line num="168" type="stmt" count="1"/>
        <line num="169" type="stmt" count="0"/>
        <line num="172" type="stmt" count="1"/>
        <line num="173" type="stmt" count="1"/>
        <line num="174" type="stmt" count="0"/>
        <line num="175" type="stmt" count="0"/>
        <line num="176" type="stmt" count="0"/>
        <line num="178" type="stmt" count="1"/>
        <line num="179" type="stmt" count="0"/>
        <line num="181" type="stmt" count="1"/>
        <line num="184" type="method" name="getRelationIdFromObject" visibility="protected" complexity="6" crap="10.50" count="1"/>
        <line num="186" type="stmt" count="1"/>
        <line num="187" type="stmt" count="1"/>
        <line num="188" type="stmt" count="0"/>
        <line num="191" type="stmt" count="1"/>
        <line num="192" type="stmt" count="0"/>
        <line num="195" type="stmt" count="1"/>
        <line num="196" type="stmt" count="0"/>
        <line num="197" type="stmt" count="0"/>
        <line num="199" type="stmt" count="0"/>
        <line num="201" type="stmt" count="1"/>
        <line num="204" type="method" name="createRelationModelFromObject" visibility="protected" complexity="2" crap="6" count="0"/>
        <line num="206" type="stmt" count="0"/>
        <line num="207" type="stmt" count="0"/>
        <line num="208" type="stmt" count="0"/>
        <line num="211" type="stmt" count="0"/>
        <line num="212" type="stmt" count="0"/>
        <line num="213" type="stmt" count="0"/>
        <line num="214" type="stmt" count="0"/>
        <line num="217" type="method" name="updateRelationModelFromObject" visibility="protected" complexity="4" crap="20" count="0"/>
        <line num="219" type="stmt" count="0"/>
        <line num="220" type="stmt" count="0"/>
        <line num="221" type="stmt" count="0"/>
        <line num="224" type="stmt" count="0"/>
        <line num="225" type="stmt" count="0"/>
        <line num="226" type="stmt" count="0"/>
        <line num="227" type="stmt" count="0"/>
        <line num="228" type="stmt" count="0"/>
        <line num="229" type="stmt" count="0"/>
        <line num="230" type="stmt" count="0"/>
        <line num="233" type="stmt" count="0"/>
        <line num="235" type="method" name="updateRelationAtPathWithItem" visibility="protected" complexity="2" crap="2.02" count="1"/>
        <line num="237" type="stmt" count="1"/>
        <line num="238" type="stmt" count="1"/>
        <line num="239" type="stmt" count="0"/>
        <line num="241" type="stmt" count="1"/>
        <line num="242" type="stmt" count="1"/>
        <line num="243" type="stmt" count="1"/>
        <line num="245" type="method" name="updateRelationsAtPathWithItems" visibility="protected" complexity="2" crap="2.03" count="1"/>
        <line num="247" type="stmt" count="1"/>
        <line num="248" type="stmt" count="1"/>
        <line num="249" type="stmt" count="0"/>
        <line num="252" type="stmt" count="1"/>
        <line num="253" type="stmt" count="1"/>
        <line num="255" type="method" name="detachRelationAtPath" visibility="protected" complexity="3" crap="3.79" count="1"/>
        <line num="257" type="stmt" count="1"/>
        <line num="258" type="stmt" count="1"/>
        <line num="259" type="stmt" count="0"/>
        <line num="262" type="stmt" count="1"/>
        <line num="263" type="stmt" count="1"/>
        <line num="264" type="stmt" count="0"/>
        <line num="265" type="stmt" count="0"/>
        <line num="266" type="stmt" count="0"/>
        <line num="269" type="stmt" count="1"/>
        <line num="271" type="method" name="detachRelationsAtPath" visibility="protected" complexity="3" crap="3.21" count="1"/>
        <line num="273" type="stmt" count="1"/>
        <line num="274" type="stmt" count="1"/>
        <line num="275" type="stmt" count="0"/>
        <line num="278" type="stmt" count="1"/>
        <line num="279" type="stmt" count="1"/>
        <line num="280" type="stmt" count="1"/>
        <line num="281" type="stmt" count="0"/>
        <line num="282" type="method" name="anonymousFunction:282#2333" complexity="1" crap="2" count="0"/>
        <line num="283" type="stmt" count="0"/>
        <line num="284" type="stmt" count="0"/>
        <line num="286" type="stmt" count="0"/>
        <line num="288" type="stmt" count="1"/>
        <line num="290" type="method" name="attachRelationAtPath" visibility="protected" complexity="2" crap="2.02" count="1"/>
        <line num="292" type="stmt" count="1"/>
        <line num="293" type="stmt" count="1"/>
        <line num="294" type="stmt" count="0"/>
        <line num="297" type="stmt" count="1"/>
        <line num="298" type="stmt" count="1"/>
        <line num="299" type="stmt" count="1"/>
        <line num="303" type="method" name="attachRelationToModel" visibility="protected" complexity="3" crap="3.02" count="1"/>
        <line num="305" type="stmt" count="1"/>
        <line num="306" type="stmt" count="1"/>
        <line num="307" type="stmt" count="1"/>
        <line num="308" type="stmt" count="1"/>
        <line num="309" type="stmt" count="1"/>
        <line num="311" type="stmt" count="1"/>
        <line num="312" type="stmt" count="1"/>
        <line num="314" type="stmt" count="0"/>
        <line num="318" type="method" name="detachRelationFromModel" visibility="protected" complexity="3" crap="12" count="0"/>
        <line num="320" type="stmt" count="0"/>
        <line num="321" type="stmt" count="0"/>
        <line num="322" type="stmt" count="0"/>
        <line num="323" type="stmt" count="0"/>
        <line num="324" type="stmt" count="0"/>
        <line num="325" type="stmt" count="0"/>
        <line num="327" type="stmt" count="0"/>
        <line num="329" type="stmt" count="0"/>
        <line num="331" type="stmt" count="0"/>
        <line num="333" type="method" name="getRelationCurrentItemAtPath" visibility="protected" complexity="2" crap="2.03" count="1"/>
        <line num="335" type="stmt" count="1"/>
        <line num="336" type="stmt" count="0"/>
        <line num="339" type="stmt" count="1"/>
        <line num="340" type="stmt" count="1"/>
        <line num="341" type="stmt" count="1"/>
        <line num="344" type="method" name="getRelationPathColumn" visibility="protected" complexity="2" crap="6" count="0"/>
        <line num="346" type="stmt" count="0"/>
        <line num="347" type="stmt" count="0"/>
        <line num="348" type="stmt" count="0"/>
        <line num="350" type="stmt" count="0"/>
        <metrics loc="352" ncloc="340" classes="1" methods="23" coveredmethods="2" conditionals="0" coveredconditionals="0" statements="171" coveredstatements="104" elements="194" coveredelements="106"/>
      </file>
      <file name="/Users/dmp/Code/eloquent-json-schema/src/Folklore/EloquentJsonSchema/Support/Utils.php">
        <class name="Utils" namespace="Folklore\EloquentJsonSchema\Support">
          <metrics complexity="23" methods="3" coveredmethods="0" conditionals="0" coveredconditionals="0" statements="25" coveredstatements="19" elements="28" coveredelements="19"/>
        </class>
        <line num="9" type="method" name="getPath" visibility="public" complexity="7" crap="13.12" count="1"/>
        <line num="11" type="stmt" count="1"/>
        <line num="12" type="stmt" count="0"/>
        <line num="14" type="method" name="anonymousFunction:14#69" complexity="6" crap="6.56" count="1"/>
        <line num="15" type="stmt" count="1"/>
        <line num="16" type="stmt" count="0"/>
        <line num="17" type="stmt" count="1"/>
        <line num="18" type="stmt" count="1"/>
        <line num="19" type="stmt" count="1"/>
        <line num="20" type="stmt" count="1"/>
        <line num="22" type="stmt" count="0"/>
        <line num="23" type="stmt" count="1"/>
        <line num="26" type="method" name="setPath" visibility="public" complexity="10" crap="10.80" count="1"/>
        <line num="28" type="stmt" count="1"/>
        <line num="29" type="stmt" count="1"/>
        <line num="30" type="stmt" count="1"/>
        <line num="31" type="stmt" count="1"/>
        <line num="32" type="stmt" count="0"/>
        <line num="33" type="stmt" count="1"/>
        <line num="34" type="stmt" count="1"/>
        <line num="36" type="stmt" count="1"/>
        <line num="37" type="stmt" count="0"/>
        <line num="39" type="stmt" count="1"/>
        <line num="42" type="stmt" count="1"/>
        <line num="43" type="stmt" count="0"/>
        <line num="44" type="stmt" count="1"/>
        <line num="45" type="stmt" count="1"/>
        <line num="48" type="stmt" count="1"/>
        <metrics loc="50" ncloc="50" classes="1" methods="3" coveredmethods="0" conditionals="0" coveredconditionals="0" statements="25" coveredstatements="19" elements="28" coveredelements="19"/>
      </file>
    </package>
    <metrics files="19" loc="1726" ncloc="1447" classes="11" methods="124" coveredmethods="46" conditionals="0" coveredconditionals="0" statements="554" coveredstatements="367" elements="678" coveredelements="413"/>
  </project>
</coverage>
